[36m  DEBUG[0m - [[33m06/Aug/2011 11:23:02[0m] "(0.000224) SELECT "id", "filename" FROM "tracks" ORDER BY "id""
[36m  DEBUG[0m - [[33m06/Aug/2011 11:23:02[0m] "(0.125034) DELETE FROM "tracks" WHERE "id" = 1981"
[36m  DEBUG[0m - [[33m06/Aug/2011 11:23:02[0m] "(0.098197) DELETE FROM "tracks" WHERE "id" = 1982"
[36m  DEBUG[0m - [[33m06/Aug/2011 11:23:03[0m] "(0.090251) DELETE FROM "tracks" WHERE "id" = 1983"
[36m  DEBUG[0m - [[33m06/Aug/2011 11:23:03[0m] "(0.098350) DELETE FROM "tracks" WHERE "id" = 1984"
[36m  DEBUG[0m - [[33m06/Aug/2011 11:23:03[0m] "(0.172829) DELETE FROM "tracks" WHERE "id" = 1985"
[36m  DEBUG[0m - [[33m06/Aug/2011 11:23:03[0m] "(0.097988) DELETE FROM "tracks" WHERE "id" = 1986"
[36m  DEBUG[0m - [[33m06/Aug/2011 11:23:03[0m] "(0.098347) DELETE FROM "tracks" WHERE "id" = 1987"
[36m  DEBUG[0m - [[33m06/Aug/2011 11:23:03[0m] "(0.090089) DELETE FROM "tracks" WHERE "id" = 1988"
[36m  DEBUG[0m - [[33m06/Aug/2011 11:23:03[0m] "(0.115174) DELETE FROM "tracks" WHERE "id" = 1989"
[36m  DEBUG[0m - [[33m06/Aug/2011 11:23:03[0m] "(0.106177) DELETE FROM "tracks" WHERE "id" = 1990"
[36m  DEBUG[0m - [[33m06/Aug/2011 11:23:03[0m] "(0.098400) DELETE FROM "tracks" WHERE "id" = 1991"
[36m  DEBUG[0m - [[33m06/Aug/2011 11:23:03[0m] "(0.098314) DELETE FROM "tracks" WHERE "id" = 1992"
[36m  DEBUG[0m - [[33m06/Aug/2011 11:23:04[0m] "(0.106700) DELETE FROM "tracks" WHERE "id" = 1993"
[36m  DEBUG[0m - [[33m06/Aug/2011 11:23:04[0m] "(0.098001) DELETE FROM "tracks" WHERE "id" = 1994"
[36m  DEBUG[0m - [[33m06/Aug/2011 11:23:04[0m] "(0.106570) DELETE FROM "tracks" WHERE "id" = 1995"
[36m  DEBUG[0m - [[33m06/Aug/2011 11:23:04[0m] "(0.098323) DELETE FROM "tracks" WHERE "id" = 1996"
[36m  DEBUG[0m - [[33m06/Aug/2011 11:23:04[0m] "(0.098146) DELETE FROM "tracks" WHERE "id" = 1997"
[36m  DEBUG[0m - [[33m06/Aug/2011 11:23:04[0m] "(0.098268) DELETE FROM "tracks" WHERE "id" = 1998"
[36m  DEBUG[0m - [[33m06/Aug/2011 11:23:04[0m] "(0.098166) DELETE FROM "tracks" WHERE "id" = 1999"
[36m  DEBUG[0m - [[33m06/Aug/2011 11:23:04[0m] "(0.114821) DELETE FROM "tracks" WHERE "id" = 2000"
[36m  DEBUG[0m - [[33m06/Aug/2011 11:23:04[0m] "(0.098332) DELETE FROM "tracks" WHERE "id" = 2001"
[36m  DEBUG[0m - [[33m06/Aug/2011 11:23:05[0m] "(0.098226) DELETE FROM "tracks" WHERE "id" = 2002"
[36m  DEBUG[0m - [[33m06/Aug/2011 11:23:05[0m] "(0.106345) DELETE FROM "tracks" WHERE "id" = 2003"
[36m  DEBUG[0m - [[33m06/Aug/2011 11:23:05[0m] "(0.098217) DELETE FROM "tracks" WHERE "id" = 2004"
[36m  DEBUG[0m - [[33m06/Aug/2011 11:23:05[0m] "(0.106643) DELETE FROM "tracks" WHERE "id" = 2005"
[36m  DEBUG[0m - [[33m06/Aug/2011 11:23:05[0m] "(0.106465) DELETE FROM "tracks" WHERE "id" = 2006"
[36m  DEBUG[0m - [[33m06/Aug/2011 11:23:05[0m] "(0.106432) DELETE FROM "tracks" WHERE "id" = 2007"
[36m  DEBUG[0m - [[33m06/Aug/2011 11:23:05[0m] "(0.106617) DELETE FROM "tracks" WHERE "id" = 2008"
[36m  DEBUG[0m - [[33m06/Aug/2011 11:23:05[0m] "(0.106601) DELETE FROM "tracks" WHERE "id" = 2009"
[36m  DEBUG[0m - [[33m06/Aug/2011 11:23:05[0m] "(0.106636) DELETE FROM "tracks" WHERE "id" = 2010"
[36m  DEBUG[0m - [[33m06/Aug/2011 11:23:05[0m] "(0.106640) DELETE FROM "tracks" WHERE "id" = 2011"
[36m  DEBUG[0m - [[33m06/Aug/2011 11:23:06[0m] "(0.131270) DELETE FROM "tracks" WHERE "id" = 2012"
[36m  DEBUG[0m - [[33m06/Aug/2011 11:23:06[0m] "(0.090039) DELETE FROM "tracks" WHERE "id" = 2013"
[36m  DEBUG[0m - [[33m06/Aug/2011 11:23:06[0m] "(0.098346) DELETE FROM "tracks" WHERE "id" = 2014"
[36m  DEBUG[0m - [[33m06/Aug/2011 11:23:06[0m] "(0.114724) DELETE FROM "tracks" WHERE "id" = 2015"
[36m  DEBUG[0m - [[33m06/Aug/2011 11:23:06[0m] "(0.081921) DELETE FROM "tracks" WHERE "id" = 2016"
[36m  DEBUG[0m - [[33m06/Aug/2011 11:23:06[0m] "(0.098321) DELETE FROM "tracks" WHERE "id" = 2017"
[36m  DEBUG[0m - [[33m06/Aug/2011 11:23:06[0m] "(0.089979) DELETE FROM "tracks" WHERE "id" = 2018"
[36m  DEBUG[0m - [[33m06/Aug/2011 11:23:06[0m] "(0.114712) DELETE FROM "tracks" WHERE "id" = 2019"
[36m  DEBUG[0m - [[33m06/Aug/2011 11:23:06[0m] "(0.090166) DELETE FROM "tracks" WHERE "id" = 2020"
[36m  DEBUG[0m - [[33m06/Aug/2011 11:23:06[0m] "(0.089891) DELETE FROM "tracks" WHERE "id" = 2021"
[36m  DEBUG[0m - [[33m06/Aug/2011 11:23:07[0m] "(0.090039) DELETE FROM "tracks" WHERE "id" = 2022"
[36m  DEBUG[0m - [[33m06/Aug/2011 11:23:07[0m] "(0.098327) DELETE FROM "tracks" WHERE "id" = 2023"
[36m  DEBUG[0m - [[33m06/Aug/2011 11:23:07[0m] "(0.098347) DELETE FROM "tracks" WHERE "id" = 2024"
[36m  DEBUG[0m - [[33m06/Aug/2011 11:23:07[0m] "(0.098474) DELETE FROM "tracks" WHERE "id" = 2025"
[36m  DEBUG[0m - [[33m06/Aug/2011 11:23:07[0m] "(0.098210) DELETE FROM "tracks" WHERE "id" = 2026"
[36m  DEBUG[0m - [[33m06/Aug/2011 11:23:07[0m] "(0.106588) DELETE FROM "tracks" WHERE "id" = 2027"
[36m  DEBUG[0m - [[33m06/Aug/2011 11:23:07[0m] "(0.098298) DELETE FROM "tracks" WHERE "id" = 2028"
[36m  DEBUG[0m - [[33m06/Aug/2011 11:23:07[0m] "(0.098480) DELETE FROM "tracks" WHERE "id" = 2029"
[36m  DEBUG[0m - [[33m06/Aug/2011 11:23:07[0m] "(0.106460) DELETE FROM "tracks" WHERE "id" = 2030"
[36m  DEBUG[0m - [[33m06/Aug/2011 11:23:07[0m] "(0.090105) DELETE FROM "tracks" WHERE "id" = 2031"
[36m  DEBUG[0m - [[33m06/Aug/2011 11:23:08[0m] "(0.090080) DELETE FROM "tracks" WHERE "id" = 2032"
[36m  DEBUG[0m - [[33m06/Aug/2011 11:23:08[0m] "(0.098463) DELETE FROM "tracks" WHERE "id" = 2033"
[36m  DEBUG[0m - [[33m06/Aug/2011 11:23:08[0m] "(0.089963) DELETE FROM "tracks" WHERE "id" = 2034"
[36m  DEBUG[0m - [[33m06/Aug/2011 11:23:08[0m] "(0.106444) DELETE FROM "tracks" WHERE "id" = 2035"
[36m  DEBUG[0m - [[33m06/Aug/2011 11:23:08[0m] "(0.090071) DELETE FROM "tracks" WHERE "id" = 2036"
[36m  DEBUG[0m - [[33m06/Aug/2011 11:23:08[0m] "(0.090070) DELETE FROM "tracks" WHERE "id" = 2037"
[36m  DEBUG[0m - [[33m06/Aug/2011 11:23:08[0m] "(0.090156) DELETE FROM "tracks" WHERE "id" = 2038"
[36m  DEBUG[0m - [[33m06/Aug/2011 11:23:08[0m] "(0.098197) DELETE FROM "tracks" WHERE "id" = 2039"
[36m  DEBUG[0m - [[33m06/Aug/2011 11:23:08[0m] "(0.089834) DELETE FROM "tracks" WHERE "id" = 2040"
[36m  DEBUG[0m - [[33m06/Aug/2011 11:23:08[0m] "(0.090065) DELETE FROM "tracks" WHERE "id" = 2041"
[36m  DEBUG[0m - [[33m06/Aug/2011 11:23:09[0m] "(0.114829) DELETE FROM "tracks" WHERE "id" = 2042"
[36m  DEBUG[0m - [[33m06/Aug/2011 11:23:09[0m] "(0.106708) DELETE FROM "tracks" WHERE "id" = 2043"
[36m  DEBUG[0m - [[33m06/Aug/2011 11:23:09[0m] "(0.097940) DELETE FROM "tracks" WHERE "id" = 2044"
[36m  DEBUG[0m - [[33m06/Aug/2011 11:23:09[0m] "(0.106645) DELETE FROM "tracks" WHERE "id" = 2045"
[36m  DEBUG[0m - [[33m06/Aug/2011 11:23:09[0m] "(0.098338) DELETE FROM "tracks" WHERE "id" = 2046"
[36m  DEBUG[0m - [[33m06/Aug/2011 11:23:09[0m] "(0.097986) DELETE FROM "tracks" WHERE "id" = 2047"
[36m  DEBUG[0m - [[33m06/Aug/2011 11:23:09[0m] "(0.114950) DELETE FROM "tracks" WHERE "id" = 2048"
[36m  DEBUG[0m - [[33m06/Aug/2011 11:23:09[0m] "(0.114340) DELETE FROM "tracks" WHERE "id" = 2049"
[36m  DEBUG[0m - [[33m06/Aug/2011 11:23:09[0m] "(0.106309) DELETE FROM "tracks" WHERE "id" = 2050"
[36m  DEBUG[0m - [[33m06/Aug/2011 11:23:09[0m] "(0.106303) DELETE FROM "tracks" WHERE "id" = 2051"
[36m  DEBUG[0m - [[33m06/Aug/2011 11:23:10[0m] "(0.106429) DELETE FROM "tracks" WHERE "id" = 2052"
[36m  DEBUG[0m - [[33m06/Aug/2011 11:23:10[0m] "(0.114757) DELETE FROM "tracks" WHERE "id" = 2053"
[36m  DEBUG[0m - [[33m06/Aug/2011 11:23:10[0m] "(0.139343) DELETE FROM "tracks" WHERE "id" = 2054"
[36m  DEBUG[0m - [[33m06/Aug/2011 11:23:10[0m] "(0.098130) DELETE FROM "tracks" WHERE "id" = 2055"
[36m  DEBUG[0m - [[33m06/Aug/2011 11:23:10[0m] "(0.098274) DELETE FROM "tracks" WHERE "id" = 2056"
[36m  DEBUG[0m - [[33m06/Aug/2011 11:23:10[0m] "(0.106364) DELETE FROM "tracks" WHERE "id" = 2057"
[36m  DEBUG[0m - [[33m06/Aug/2011 11:23:10[0m] "(0.098308) DELETE FROM "tracks" WHERE "id" = 2058"
[36m  DEBUG[0m - [[33m06/Aug/2011 11:23:10[0m] "(0.172380) DELETE FROM "tracks" WHERE "id" = 2059"
[36m  DEBUG[0m - [[33m06/Aug/2011 11:23:11[0m] "(0.131125) DELETE FROM "tracks" WHERE "id" = 2060"
[36m  DEBUG[0m - [[33m06/Aug/2011 11:23:11[0m] "(0.098098) DELETE FROM "tracks" WHERE "id" = 2061"
[36m  DEBUG[0m - [[33m06/Aug/2011 11:23:11[0m] "(0.114820) DELETE FROM "tracks" WHERE "id" = 2062"
[36m  DEBUG[0m - [[33m06/Aug/2011 11:23:11[0m] "(0.106595) DELETE FROM "tracks" WHERE "id" = 2063"
[36m  DEBUG[0m - [[33m06/Aug/2011 11:23:11[0m] "(0.106560) DELETE FROM "tracks" WHERE "id" = 2064"
NoMethodError - undefined method `index_dirs' for AppConfig:Class:
 /home/philip/Projects/melody/app/models/track.rb:16:in `index'
 /home/philip/Projects/melody/app/app.rb:20:in `block in <class:Melody>'
 /home/philip/Projects/melody/vendor/ruby/1.9.1/gems/padrino-core-0.10.0/lib/padrino-core/application/routing.rb:486:in `call'
 /home/philip/Projects/melody/vendor/ruby/1.9.1/gems/padrino-core-0.10.0/lib/padrino-core/application/routing.rb:486:in `block in route'
 /home/philip/Projects/melody/vendor/ruby/1.9.1/gems/sinatra-1.2.6/lib/sinatra/base.rb:724:in `instance_eval'
 /home/philip/Projects/melody/vendor/ruby/1.9.1/gems/sinatra-1.2.6/lib/sinatra/base.rb:724:in `route_eval'
 /home/philip/Projects/melody/vendor/ruby/1.9.1/gems/padrino-core-0.10.0/lib/padrino-core/application/routing.rb:49:in `block (2 levels) in process_destination_path'
 /home/philip/Projects/melody/vendor/ruby/1.9.1/gems/padrino-core-0.10.0/lib/padrino-core/application/routing.rb:49:in `catch'
 /home/philip/Projects/melody/vendor/ruby/1.9.1/gems/padrino-core-0.10.0/lib/padrino-core/application/routing.rb:49:in `block in process_destination_path'
 /home/philip/Projects/melody/vendor/ruby/1.9.1/gems/padrino-core-0.10.0/lib/padrino-core/application/routing.rb:22:in `instance_eval'
 /home/philip/Projects/melody/vendor/ruby/1.9.1/gems/padrino-core-0.10.0/lib/padrino-core/application/routing.rb:22:in `process_destination_path'
 /home/philip/Projects/melody/vendor/ruby/1.9.1/gems/http_router-0.8.11/lib/http_router/node/root.rb:87:in `block in []'
 /home/philip/Projects/melody/vendor/ruby/1.9.1/gems/http_router-0.8.11/lib/http_router/node/root.rb:77:in `catch'
 /home/philip/Projects/melody/vendor/ruby/1.9.1/gems/http_router-0.8.11/lib/http_router/node/root.rb:77:in `[]'
 /home/philip/Projects/melody/vendor/ruby/1.9.1/gems/http_router-0.8.11/lib/http_router/node/root.rb:12:in `[]'
 /home/philip/Projects/melody/vendor/ruby/1.9.1/gems/http_router-0.8.11/lib/http_router.rb:110:in `block in call'
 /home/philip/Projects/melody/vendor/ruby/1.9.1/gems/http_router-0.8.11/lib/http_router.rb:110:in `catch'
 /home/philip/Projects/melody/vendor/ruby/1.9.1/gems/http_router-0.8.11/lib/http_router.rb:110:in `call'
 /home/philip/Projects/melody/vendor/ruby/1.9.1/gems/padrino-core-0.10.0/lib/padrino-core/application/routing.rb:796:in `route!'
 /home/philip/Projects/melody/vendor/ruby/1.9.1/gems/padrino-core-0.10.0/lib/padrino-core/application/routing.rb:785:in `dispatch!'
 /home/philip/Projects/melody/vendor/ruby/1.9.1/gems/sinatra-1.2.6/lib/sinatra/base.rb:644:in `block in call!'
 /home/philip/Projects/melody/vendor/ruby/1.9.1/gems/sinatra-1.2.6/lib/sinatra/base.rb:808:in `instance_eval'
 /home/philip/Projects/melody/vendor/ruby/1.9.1/gems/sinatra-1.2.6/lib/sinatra/base.rb:808:in `block in invoke'
 /home/philip/Projects/melody/vendor/ruby/1.9.1/gems/sinatra-1.2.6/lib/sinatra/base.rb:808:in `catch'
 /home/philip/Projects/melody/vendor/ruby/1.9.1/gems/sinatra-1.2.6/lib/sinatra/base.rb:808:in `invoke'
 /home/philip/Projects/melody/vendor/ruby/1.9.1/gems/sinatra-1.2.6/lib/sinatra/base.rb:644:in `call!'
 /home/philip/Projects/melody/vendor/ruby/1.9.1/gems/sinatra-1.2.6/lib/sinatra/base.rb:629:in `call'
 /home/philip/Projects/melody/vendor/ruby/1.9.1/gems/rack-flash-0.1.2/lib/rack/flash.rb:147:in `call'
 /home/philip/Projects/melody/vendor/ruby/1.9.1/gems/padrino-core-0.10.0/lib/padrino-core/reloader.rb:243:in `call'
 /home/philip/Projects/melody/vendor/ruby/1.9.1/gems/padrino-core-0.10.0/lib/padrino-core/logger.rb:300:in `call'
 /home/philip/Projects/melody/vendor/ruby/1.9.1/gems/sinatra-1.2.6/lib/sinatra/showexceptions.rb:21:in `call'
 /home/philip/Projects/melody/vendor/ruby/1.9.1/gems/rack-1.3.2/lib/rack/session/abstract/id.rb:195:in `context'
 /home/philip/Projects/melody/vendor/ruby/1.9.1/gems/rack-1.3.2/lib/rack/session/abstract/id.rb:190:in `call'
 /home/philip/Projects/melody/vendor/ruby/1.9.1/gems/rack-1.3.2/lib/rack/head.rb:9:in `call'
 /home/philip/Projects/melody/vendor/ruby/1.9.1/gems/sinatra-1.2.6/lib/sinatra/showexceptions.rb:21:in `call'
 /home/philip/Projects/melody/vendor/ruby/1.9.1/gems/rack-1.3.2/lib/rack/methodoverride.rb:24:in `call'
 /home/philip/Projects/melody/vendor/ruby/1.9.1/gems/sinatra-1.2.6/lib/sinatra/base.rb:1272:in `block in call'
 /home/philip/Projects/melody/vendor/ruby/1.9.1/gems/sinatra-1.2.6/lib/sinatra/base.rb:1303:in `synchronize'
 /home/philip/Projects/melody/vendor/ruby/1.9.1/gems/sinatra-1.2.6/lib/sinatra/base.rb:1272:in `call'
 /home/philip/Projects/melody/vendor/ruby/1.9.1/gems/padrino-core-0.10.0/lib/padrino-core/router.rb:71:in `block in call'
 /home/philip/Projects/melody/vendor/ruby/1.9.1/gems/padrino-core-0.10.0/lib/padrino-core/router.rb:64:in `each'
 /home/philip/Projects/melody/vendor/ruby/1.9.1/gems/padrino-core-0.10.0/lib/padrino-core/router.rb:64:in `call'
 /home/philip/Projects/melody/vendor/ruby/1.9.1/gems/rack-1.3.2/lib/rack/handler/webrick.rb:59:in `service'
 /home/philip/.rvm/rubies/ruby-1.9.2-p180/lib/ruby/1.9.1/webrick/httpserver.rb:111:in `service'
 /home/philip/.rvm/rubies/ruby-1.9.2-p180/lib/ruby/1.9.1/webrick/httpserver.rb:70:in `run'
 /home/philip/.rvm/rubies/ruby-1.9.2-p180/lib/ruby/1.9.1/webrick/server.rb:183:in `block in start_thread'
[36m  DEBUG[0m - [[33m06/Aug/2011 11:23:11[0m] "GET (0.0055ms) 127.0.0.1 - - /__sinatra__/500.png HTTP/1.1 - 200 31056"
[36m  DEBUG[0m - [[33m06/Aug/2011 11:26:40[0m] "(0.000215) SELECT "id", "filename" FROM "tracks" ORDER BY "id""
NoMethodError - undefined method `index_dirs' for AppConfig:Class:
 /home/philip/Projects/melody/app/models/track.rb:16:in `index'
 /home/philip/Projects/melody/app/app.rb:22:in `block in <class:Melody>'
 /home/philip/Projects/melody/vendor/ruby/1.9.1/gems/padrino-core-0.10.0/lib/padrino-core/application/routing.rb:486:in `call'
 /home/philip/Projects/melody/vendor/ruby/1.9.1/gems/padrino-core-0.10.0/lib/padrino-core/application/routing.rb:486:in `block in route'
 /home/philip/Projects/melody/vendor/ruby/1.9.1/gems/sinatra-1.2.6/lib/sinatra/base.rb:724:in `instance_eval'
 /home/philip/Projects/melody/vendor/ruby/1.9.1/gems/sinatra-1.2.6/lib/sinatra/base.rb:724:in `route_eval'
 /home/philip/Projects/melody/vendor/ruby/1.9.1/gems/padrino-core-0.10.0/lib/padrino-core/application/routing.rb:49:in `block (2 levels) in process_destination_path'
 /home/philip/Projects/melody/vendor/ruby/1.9.1/gems/padrino-core-0.10.0/lib/padrino-core/application/routing.rb:49:in `catch'
 /home/philip/Projects/melody/vendor/ruby/1.9.1/gems/padrino-core-0.10.0/lib/padrino-core/application/routing.rb:49:in `block in process_destination_path'
 /home/philip/Projects/melody/vendor/ruby/1.9.1/gems/padrino-core-0.10.0/lib/padrino-core/application/routing.rb:22:in `instance_eval'
 /home/philip/Projects/melody/vendor/ruby/1.9.1/gems/padrino-core-0.10.0/lib/padrino-core/application/routing.rb:22:in `process_destination_path'
 /home/philip/Projects/melody/vendor/ruby/1.9.1/gems/http_router-0.8.11/lib/http_router/node/root.rb:87:in `block in []'
 /home/philip/Projects/melody/vendor/ruby/1.9.1/gems/http_router-0.8.11/lib/http_router/node/root.rb:77:in `catch'
 /home/philip/Projects/melody/vendor/ruby/1.9.1/gems/http_router-0.8.11/lib/http_router/node/root.rb:77:in `[]'
 /home/philip/Projects/melody/vendor/ruby/1.9.1/gems/http_router-0.8.11/lib/http_router/node/root.rb:12:in `[]'
 /home/philip/Projects/melody/vendor/ruby/1.9.1/gems/http_router-0.8.11/lib/http_router.rb:110:in `block in call'
 /home/philip/Projects/melody/vendor/ruby/1.9.1/gems/http_router-0.8.11/lib/http_router.rb:110:in `catch'
 /home/philip/Projects/melody/vendor/ruby/1.9.1/gems/http_router-0.8.11/lib/http_router.rb:110:in `call'
 /home/philip/Projects/melody/vendor/ruby/1.9.1/gems/padrino-core-0.10.0/lib/padrino-core/application/routing.rb:796:in `route!'
 /home/philip/Projects/melody/vendor/ruby/1.9.1/gems/padrino-core-0.10.0/lib/padrino-core/application/routing.rb:785:in `dispatch!'
 /home/philip/Projects/melody/vendor/ruby/1.9.1/gems/sinatra-1.2.6/lib/sinatra/base.rb:644:in `block in call!'
 /home/philip/Projects/melody/vendor/ruby/1.9.1/gems/sinatra-1.2.6/lib/sinatra/base.rb:808:in `instance_eval'
 /home/philip/Projects/melody/vendor/ruby/1.9.1/gems/sinatra-1.2.6/lib/sinatra/base.rb:808:in `block in invoke'
 /home/philip/Projects/melody/vendor/ruby/1.9.1/gems/sinatra-1.2.6/lib/sinatra/base.rb:808:in `catch'
 /home/philip/Projects/melody/vendor/ruby/1.9.1/gems/sinatra-1.2.6/lib/sinatra/base.rb:808:in `invoke'
 /home/philip/Projects/melody/vendor/ruby/1.9.1/gems/sinatra-1.2.6/lib/sinatra/base.rb:644:in `call!'
 /home/philip/Projects/melody/vendor/ruby/1.9.1/gems/sinatra-1.2.6/lib/sinatra/base.rb:629:in `call'
 /home/philip/Projects/melody/vendor/ruby/1.9.1/gems/rack-flash-0.1.2/lib/rack/flash.rb:147:in `call'
 /home/philip/Projects/melody/vendor/ruby/1.9.1/gems/padrino-core-0.10.0/lib/padrino-core/reloader.rb:243:in `call'
 /home/philip/Projects/melody/vendor/ruby/1.9.1/gems/padrino-core-0.10.0/lib/padrino-core/logger.rb:300:in `call'
 /home/philip/Projects/melody/vendor/ruby/1.9.1/gems/sinatra-1.2.6/lib/sinatra/showexceptions.rb:21:in `call'
 /home/philip/Projects/melody/vendor/ruby/1.9.1/gems/rack-1.3.2/lib/rack/session/abstract/id.rb:195:in `context'
 /home/philip/Projects/melody/vendor/ruby/1.9.1/gems/rack-1.3.2/lib/rack/session/abstract/id.rb:190:in `call'
 /home/philip/Projects/melody/vendor/ruby/1.9.1/gems/rack-1.3.2/lib/rack/head.rb:9:in `call'
 /home/philip/Projects/melody/vendor/ruby/1.9.1/gems/sinatra-1.2.6/lib/sinatra/showexceptions.rb:21:in `call'
 /home/philip/Projects/melody/vendor/ruby/1.9.1/gems/rack-1.3.2/lib/rack/methodoverride.rb:24:in `call'
 /home/philip/Projects/melody/vendor/ruby/1.9.1/gems/sinatra-1.2.6/lib/sinatra/base.rb:1272:in `block in call'
 /home/philip/Projects/melody/vendor/ruby/1.9.1/gems/sinatra-1.2.6/lib/sinatra/base.rb:1303:in `synchronize'
 /home/philip/Projects/melody/vendor/ruby/1.9.1/gems/sinatra-1.2.6/lib/sinatra/base.rb:1272:in `call'
 /home/philip/Projects/melody/vendor/ruby/1.9.1/gems/padrino-core-0.10.0/lib/padrino-core/router.rb:71:in `block in call'
 /home/philip/Projects/melody/vendor/ruby/1.9.1/gems/padrino-core-0.10.0/lib/padrino-core/router.rb:64:in `each'
 /home/philip/Projects/melody/vendor/ruby/1.9.1/gems/padrino-core-0.10.0/lib/padrino-core/router.rb:64:in `call'
 /home/philip/Projects/melody/vendor/ruby/1.9.1/gems/rack-1.3.2/lib/rack/handler/webrick.rb:59:in `service'
 /home/philip/.rvm/rubies/ruby-1.9.2-p180/lib/ruby/1.9.1/webrick/httpserver.rb:111:in `service'
 /home/philip/.rvm/rubies/ruby-1.9.2-p180/lib/ruby/1.9.1/webrick/httpserver.rb:70:in `run'
 /home/philip/.rvm/rubies/ruby-1.9.2-p180/lib/ruby/1.9.1/webrick/server.rb:183:in `block in start_thread'
[36m  DEBUG[0m - [[33m06/Aug/2011 11:26:40[0m] "GET (0.0069ms) 127.0.0.1 - - /__sinatra__/500.png HTTP/1.1 - 304 -"
[36m  DEBUG[0m - [[33m06/Aug/2011 11:26:58[0m] "Reloading /home/philip/Projects/melody/app/models/track.rb"
[36m  DEBUG[0m - [[33m06/Aug/2011 11:26:58[0m] "(0.000043) SELECT "id", "filename" FROM "tracks" ORDER BY "id""
NoMethodError - undefined method `index_dirs' for {:index_dirs=>[]}:Hash:
 /home/philip/Projects/melody/app/models/track.rb:16:in `index'
 /home/philip/Projects/melody/app/app.rb:22:in `block in <class:Melody>'
 /home/philip/Projects/melody/vendor/ruby/1.9.1/gems/padrino-core-0.10.0/lib/padrino-core/application/routing.rb:486:in `call'
 /home/philip/Projects/melody/vendor/ruby/1.9.1/gems/padrino-core-0.10.0/lib/padrino-core/application/routing.rb:486:in `block in route'
 /home/philip/Projects/melody/vendor/ruby/1.9.1/gems/sinatra-1.2.6/lib/sinatra/base.rb:724:in `instance_eval'
 /home/philip/Projects/melody/vendor/ruby/1.9.1/gems/sinatra-1.2.6/lib/sinatra/base.rb:724:in `route_eval'
 /home/philip/Projects/melody/vendor/ruby/1.9.1/gems/padrino-core-0.10.0/lib/padrino-core/application/routing.rb:49:in `block (2 levels) in process_destination_path'
 /home/philip/Projects/melody/vendor/ruby/1.9.1/gems/padrino-core-0.10.0/lib/padrino-core/application/routing.rb:49:in `catch'
 /home/philip/Projects/melody/vendor/ruby/1.9.1/gems/padrino-core-0.10.0/lib/padrino-core/application/routing.rb:49:in `block in process_destination_path'
 /home/philip/Projects/melody/vendor/ruby/1.9.1/gems/padrino-core-0.10.0/lib/padrino-core/application/routing.rb:22:in `instance_eval'
 /home/philip/Projects/melody/vendor/ruby/1.9.1/gems/padrino-core-0.10.0/lib/padrino-core/application/routing.rb:22:in `process_destination_path'
 /home/philip/Projects/melody/vendor/ruby/1.9.1/gems/http_router-0.8.11/lib/http_router/node/root.rb:87:in `block in []'
 /home/philip/Projects/melody/vendor/ruby/1.9.1/gems/http_router-0.8.11/lib/http_router/node/root.rb:77:in `catch'
 /home/philip/Projects/melody/vendor/ruby/1.9.1/gems/http_router-0.8.11/lib/http_router/node/root.rb:77:in `[]'
 /home/philip/Projects/melody/vendor/ruby/1.9.1/gems/http_router-0.8.11/lib/http_router.rb:110:in `block in call'
 /home/philip/Projects/melody/vendor/ruby/1.9.1/gems/http_router-0.8.11/lib/http_router.rb:110:in `catch'
 /home/philip/Projects/melody/vendor/ruby/1.9.1/gems/http_router-0.8.11/lib/http_router.rb:110:in `call'
 /home/philip/Projects/melody/vendor/ruby/1.9.1/gems/padrino-core-0.10.0/lib/padrino-core/application/routing.rb:796:in `route!'
 /home/philip/Projects/melody/vendor/ruby/1.9.1/gems/padrino-core-0.10.0/lib/padrino-core/application/routing.rb:785:in `dispatch!'
 /home/philip/Projects/melody/vendor/ruby/1.9.1/gems/sinatra-1.2.6/lib/sinatra/base.rb:644:in `block in call!'
 /home/philip/Projects/melody/vendor/ruby/1.9.1/gems/sinatra-1.2.6/lib/sinatra/base.rb:808:in `instance_eval'
 /home/philip/Projects/melody/vendor/ruby/1.9.1/gems/sinatra-1.2.6/lib/sinatra/base.rb:808:in `block in invoke'
 /home/philip/Projects/melody/vendor/ruby/1.9.1/gems/sinatra-1.2.6/lib/sinatra/base.rb:808:in `catch'
 /home/philip/Projects/melody/vendor/ruby/1.9.1/gems/sinatra-1.2.6/lib/sinatra/base.rb:808:in `invoke'
 /home/philip/Projects/melody/vendor/ruby/1.9.1/gems/sinatra-1.2.6/lib/sinatra/base.rb:644:in `call!'
 /home/philip/Projects/melody/vendor/ruby/1.9.1/gems/sinatra-1.2.6/lib/sinatra/base.rb:629:in `call'
 /home/philip/Projects/melody/vendor/ruby/1.9.1/gems/rack-flash-0.1.2/lib/rack/flash.rb:147:in `call'
 /home/philip/Projects/melody/vendor/ruby/1.9.1/gems/padrino-core-0.10.0/lib/padrino-core/reloader.rb:243:in `call'
 /home/philip/Projects/melody/vendor/ruby/1.9.1/gems/padrino-core-0.10.0/lib/padrino-core/logger.rb:300:in `call'
 /home/philip/Projects/melody/vendor/ruby/1.9.1/gems/sinatra-1.2.6/lib/sinatra/showexceptions.rb:21:in `call'
 /home/philip/Projects/melody/vendor/ruby/1.9.1/gems/rack-1.3.2/lib/rack/session/abstract/id.rb:195:in `context'
 /home/philip/Projects/melody/vendor/ruby/1.9.1/gems/rack-1.3.2/lib/rack/session/abstract/id.rb:190:in `call'
 /home/philip/Projects/melody/vendor/ruby/1.9.1/gems/rack-1.3.2/lib/rack/head.rb:9:in `call'
 /home/philip/Projects/melody/vendor/ruby/1.9.1/gems/sinatra-1.2.6/lib/sinatra/showexceptions.rb:21:in `call'
 /home/philip/Projects/melody/vendor/ruby/1.9.1/gems/rack-1.3.2/lib/rack/methodoverride.rb:24:in `call'
 /home/philip/Projects/melody/vendor/ruby/1.9.1/gems/sinatra-1.2.6/lib/sinatra/base.rb:1272:in `block in call'
 /home/philip/Projects/melody/vendor/ruby/1.9.1/gems/sinatra-1.2.6/lib/sinatra/base.rb:1303:in `synchronize'
 /home/philip/Projects/melody/vendor/ruby/1.9.1/gems/sinatra-1.2.6/lib/sinatra/base.rb:1272:in `call'
 /home/philip/Projects/melody/vendor/ruby/1.9.1/gems/padrino-core-0.10.0/lib/padrino-core/router.rb:71:in `block in call'
 /home/philip/Projects/melody/vendor/ruby/1.9.1/gems/padrino-core-0.10.0/lib/padrino-core/router.rb:64:in `each'
 /home/philip/Projects/melody/vendor/ruby/1.9.1/gems/padrino-core-0.10.0/lib/padrino-core/router.rb:64:in `call'
 /home/philip/Projects/melody/vendor/ruby/1.9.1/gems/rack-1.3.2/lib/rack/handler/webrick.rb:59:in `service'
 /home/philip/.rvm/rubies/ruby-1.9.2-p180/lib/ruby/1.9.1/webrick/httpserver.rb:111:in `service'
 /home/philip/.rvm/rubies/ruby-1.9.2-p180/lib/ruby/1.9.1/webrick/httpserver.rb:70:in `run'
 /home/philip/.rvm/rubies/ruby-1.9.2-p180/lib/ruby/1.9.1/webrick/server.rb:183:in `block in start_thread'
[36m  DEBUG[0m - [[33m06/Aug/2011 11:26:58[0m] "GET (0.0007ms) 127.0.0.1 - - /__sinatra__/500.png HTTP/1.1 - 304 -"
[36m  DEBUG[0m - [[33m06/Aug/2011 11:27:10[0m] "Reloading /home/philip/Projects/melody/app/models/track.rb"
[31m  ERROR[0m - [[33m06/Aug/2011 11:27:10[0m] "Cannot require /home/philip/Projects/melody/app/models/track.rb because of syntax error: /home/philip/Projects/melody/app/models/track.rb:16: syntax error, unexpected '['
      AppConfig.config.[:index_dirs].each do |index_dir|
                        ^"
NameError - uninitialized constant Melody::Track:
 /home/philip/Projects/melody/vendor/ruby/1.9.1/gems/rake-0.9.2/lib/rake/ext/module.rb:36:in `const_missing'
 /home/philip/Projects/melody/app/app.rb:22:in `block in <class:Melody>'
 /home/philip/Projects/melody/vendor/ruby/1.9.1/gems/padrino-core-0.10.0/lib/padrino-core/application/routing.rb:486:in `call'
 /home/philip/Projects/melody/vendor/ruby/1.9.1/gems/padrino-core-0.10.0/lib/padrino-core/application/routing.rb:486:in `block in route'
 /home/philip/Projects/melody/vendor/ruby/1.9.1/gems/sinatra-1.2.6/lib/sinatra/base.rb:724:in `instance_eval'
 /home/philip/Projects/melody/vendor/ruby/1.9.1/gems/sinatra-1.2.6/lib/sinatra/base.rb:724:in `route_eval'
 /home/philip/Projects/melody/vendor/ruby/1.9.1/gems/padrino-core-0.10.0/lib/padrino-core/application/routing.rb:49:in `block (2 levels) in process_destination_path'
 /home/philip/Projects/melody/vendor/ruby/1.9.1/gems/padrino-core-0.10.0/lib/padrino-core/application/routing.rb:49:in `catch'
 /home/philip/Projects/melody/vendor/ruby/1.9.1/gems/padrino-core-0.10.0/lib/padrino-core/application/routing.rb:49:in `block in process_destination_path'
 /home/philip/Projects/melody/vendor/ruby/1.9.1/gems/padrino-core-0.10.0/lib/padrino-core/application/routing.rb:22:in `instance_eval'
 /home/philip/Projects/melody/vendor/ruby/1.9.1/gems/padrino-core-0.10.0/lib/padrino-core/application/routing.rb:22:in `process_destination_path'
 /home/philip/Projects/melody/vendor/ruby/1.9.1/gems/http_router-0.8.11/lib/http_router/node/root.rb:87:in `block in []'
 /home/philip/Projects/melody/vendor/ruby/1.9.1/gems/http_router-0.8.11/lib/http_router/node/root.rb:77:in `catch'
 /home/philip/Projects/melody/vendor/ruby/1.9.1/gems/http_router-0.8.11/lib/http_router/node/root.rb:77:in `[]'
 /home/philip/Projects/melody/vendor/ruby/1.9.1/gems/http_router-0.8.11/lib/http_router.rb:110:in `block in call'
 /home/philip/Projects/melody/vendor/ruby/1.9.1/gems/http_router-0.8.11/lib/http_router.rb:110:in `catch'
 /home/philip/Projects/melody/vendor/ruby/1.9.1/gems/http_router-0.8.11/lib/http_router.rb:110:in `call'
 /home/philip/Projects/melody/vendor/ruby/1.9.1/gems/padrino-core-0.10.0/lib/padrino-core/application/routing.rb:796:in `route!'
 /home/philip/Projects/melody/vendor/ruby/1.9.1/gems/padrino-core-0.10.0/lib/padrino-core/application/routing.rb:785:in `dispatch!'
 /home/philip/Projects/melody/vendor/ruby/1.9.1/gems/sinatra-1.2.6/lib/sinatra/base.rb:644:in `block in call!'
 /home/philip/Projects/melody/vendor/ruby/1.9.1/gems/sinatra-1.2.6/lib/sinatra/base.rb:808:in `instance_eval'
 /home/philip/Projects/melody/vendor/ruby/1.9.1/gems/sinatra-1.2.6/lib/sinatra/base.rb:808:in `block in invoke'
 /home/philip/Projects/melody/vendor/ruby/1.9.1/gems/sinatra-1.2.6/lib/sinatra/base.rb:808:in `catch'
 /home/philip/Projects/melody/vendor/ruby/1.9.1/gems/sinatra-1.2.6/lib/sinatra/base.rb:808:in `invoke'
 /home/philip/Projects/melody/vendor/ruby/1.9.1/gems/sinatra-1.2.6/lib/sinatra/base.rb:644:in `call!'
 /home/philip/Projects/melody/vendor/ruby/1.9.1/gems/sinatra-1.2.6/lib/sinatra/base.rb:629:in `call'
 /home/philip/Projects/melody/vendor/ruby/1.9.1/gems/rack-flash-0.1.2/lib/rack/flash.rb:147:in `call'
 /home/philip/Projects/melody/vendor/ruby/1.9.1/gems/padrino-core-0.10.0/lib/padrino-core/reloader.rb:243:in `call'
 /home/philip/Projects/melody/vendor/ruby/1.9.1/gems/padrino-core-0.10.0/lib/padrino-core/logger.rb:300:in `call'
 /home/philip/Projects/melody/vendor/ruby/1.9.1/gems/sinatra-1.2.6/lib/sinatra/showexceptions.rb:21:in `call'
 /home/philip/Projects/melody/vendor/ruby/1.9.1/gems/rack-1.3.2/lib/rack/session/abstract/id.rb:195:in `context'
 /home/philip/Projects/melody/vendor/ruby/1.9.1/gems/rack-1.3.2/lib/rack/session/abstract/id.rb:190:in `call'
 /home/philip/Projects/melody/vendor/ruby/1.9.1/gems/rack-1.3.2/lib/rack/head.rb:9:in `call'
 /home/philip/Projects/melody/vendor/ruby/1.9.1/gems/sinatra-1.2.6/lib/sinatra/showexceptions.rb:21:in `call'
 /home/philip/Projects/melody/vendor/ruby/1.9.1/gems/rack-1.3.2/lib/rack/methodoverride.rb:24:in `call'
 /home/philip/Projects/melody/vendor/ruby/1.9.1/gems/sinatra-1.2.6/lib/sinatra/base.rb:1272:in `block in call'
 /home/philip/Projects/melody/vendor/ruby/1.9.1/gems/sinatra-1.2.6/lib/sinatra/base.rb:1303:in `synchronize'
 /home/philip/Projects/melody/vendor/ruby/1.9.1/gems/sinatra-1.2.6/lib/sinatra/base.rb:1272:in `call'
 /home/philip/Projects/melody/vendor/ruby/1.9.1/gems/padrino-core-0.10.0/lib/padrino-core/router.rb:71:in `block in call'
 /home/philip/Projects/melody/vendor/ruby/1.9.1/gems/padrino-core-0.10.0/lib/padrino-core/router.rb:64:in `each'
 /home/philip/Projects/melody/vendor/ruby/1.9.1/gems/padrino-core-0.10.0/lib/padrino-core/router.rb:64:in `call'
 /home/philip/Projects/melody/vendor/ruby/1.9.1/gems/rack-1.3.2/lib/rack/handler/webrick.rb:59:in `service'
 /home/philip/.rvm/rubies/ruby-1.9.2-p180/lib/ruby/1.9.1/webrick/httpserver.rb:111:in `service'
 /home/philip/.rvm/rubies/ruby-1.9.2-p180/lib/ruby/1.9.1/webrick/httpserver.rb:70:in `run'
 /home/philip/.rvm/rubies/ruby-1.9.2-p180/lib/ruby/1.9.1/webrick/server.rb:183:in `block in start_thread'
[36m  DEBUG[0m - [[33m06/Aug/2011 11:27:10[0m] "GET (0.0011ms) 127.0.0.1 - - /__sinatra__/500.png HTTP/1.1 - 304 -"
[36m  DEBUG[0m - [[33m06/Aug/2011 11:27:55[0m] "Reloading /home/philip/Projects/melody/app/models/track.rb"
[31m  ERROR[0m - [[33m06/Aug/2011 11:27:55[0m] "Cannot require /home/philip/Projects/melody/app/models/track.rb because of syntax error: /home/philip/Projects/melody/app/models/track.rb:16: syntax error, unexpected '['
      AppConfig.config.[:index_dirs].each do |index_dir|
                        ^"
[36m  DEBUG[0m - [[33m06/Aug/2011 11:27:56[0m] "Reloading /home/philip/Projects/melody/app/models/track.rb"
[31m  ERROR[0m - [[33m06/Aug/2011 11:27:56[0m] "Cannot require /home/philip/Projects/melody/app/models/track.rb because of syntax error: /home/philip/Projects/melody/app/models/track.rb:16: syntax error, unexpected '['
      AppConfig.config.[:index_dirs].each do |index_dir|
                        ^"
[36m  DEBUG[0m - [[33m06/Aug/2011 11:27:56[0m] "Reloading /home/philip/Projects/melody/app/app.rb"
NameError - uninitialized constant Track:
 /home/philip/Projects/melody/vendor/ruby/1.9.1/gems/rake-0.9.2/lib/rake/ext/module.rb:36:in `const_missing'
 /home/philip/Projects/melody/app/app.rb:22:in `block in <class:Melody>'
 /home/philip/Projects/melody/vendor/ruby/1.9.1/gems/padrino-core-0.10.0/lib/padrino-core/application/routing.rb:486:in `call'
 /home/philip/Projects/melody/vendor/ruby/1.9.1/gems/padrino-core-0.10.0/lib/padrino-core/application/routing.rb:486:in `block in route'
 /home/philip/Projects/melody/vendor/ruby/1.9.1/gems/sinatra-1.2.6/lib/sinatra/base.rb:724:in `instance_eval'
 /home/philip/Projects/melody/vendor/ruby/1.9.1/gems/sinatra-1.2.6/lib/sinatra/base.rb:724:in `route_eval'
 /home/philip/Projects/melody/vendor/ruby/1.9.1/gems/padrino-core-0.10.0/lib/padrino-core/application/routing.rb:49:in `block (2 levels) in process_destination_path'
 /home/philip/Projects/melody/vendor/ruby/1.9.1/gems/padrino-core-0.10.0/lib/padrino-core/application/routing.rb:49:in `catch'
 /home/philip/Projects/melody/vendor/ruby/1.9.1/gems/padrino-core-0.10.0/lib/padrino-core/application/routing.rb:49:in `block in process_destination_path'
 /home/philip/Projects/melody/vendor/ruby/1.9.1/gems/padrino-core-0.10.0/lib/padrino-core/application/routing.rb:22:in `instance_eval'
 /home/philip/Projects/melody/vendor/ruby/1.9.1/gems/padrino-core-0.10.0/lib/padrino-core/application/routing.rb:22:in `process_destination_path'
 /home/philip/Projects/melody/vendor/ruby/1.9.1/gems/http_router-0.8.11/lib/http_router/node/root.rb:89:in `block in []'
 /home/philip/Projects/melody/vendor/ruby/1.9.1/gems/http_router-0.8.11/lib/http_router/node/root.rb:79:in `catch'
 /home/philip/Projects/melody/vendor/ruby/1.9.1/gems/http_router-0.8.11/lib/http_router/node/root.rb:79:in `[]'
 /home/philip/Projects/melody/vendor/ruby/1.9.1/gems/http_router-0.8.11/lib/http_router/node/root.rb:12:in `[]'
 /home/philip/Projects/melody/vendor/ruby/1.9.1/gems/http_router-0.8.11/lib/http_router.rb:110:in `block in call'
 /home/philip/Projects/melody/vendor/ruby/1.9.1/gems/http_router-0.8.11/lib/http_router.rb:110:in `catch'
 /home/philip/Projects/melody/vendor/ruby/1.9.1/gems/http_router-0.8.11/lib/http_router.rb:110:in `call'
 /home/philip/Projects/melody/vendor/ruby/1.9.1/gems/padrino-core-0.10.0/lib/padrino-core/application/routing.rb:796:in `route!'
 /home/philip/Projects/melody/vendor/ruby/1.9.1/gems/padrino-core-0.10.0/lib/padrino-core/application/routing.rb:785:in `dispatch!'
 /home/philip/Projects/melody/vendor/ruby/1.9.1/gems/sinatra-1.2.6/lib/sinatra/base.rb:644:in `block in call!'
 /home/philip/Projects/melody/vendor/ruby/1.9.1/gems/sinatra-1.2.6/lib/sinatra/base.rb:808:in `instance_eval'
 /home/philip/Projects/melody/vendor/ruby/1.9.1/gems/sinatra-1.2.6/lib/sinatra/base.rb:808:in `block in invoke'
 /home/philip/Projects/melody/vendor/ruby/1.9.1/gems/sinatra-1.2.6/lib/sinatra/base.rb:808:in `catch'
 /home/philip/Projects/melody/vendor/ruby/1.9.1/gems/sinatra-1.2.6/lib/sinatra/base.rb:808:in `invoke'
 /home/philip/Projects/melody/vendor/ruby/1.9.1/gems/sinatra-1.2.6/lib/sinatra/base.rb:644:in `call!'
 /home/philip/Projects/melody/vendor/ruby/1.9.1/gems/sinatra-1.2.6/lib/sinatra/base.rb:629:in `call'
 /home/philip/Projects/melody/vendor/ruby/1.9.1/gems/rack-flash-0.1.2/lib/rack/flash.rb:147:in `call'
 /home/philip/Projects/melody/vendor/ruby/1.9.1/gems/padrino-core-0.10.0/lib/padrino-core/reloader.rb:243:in `call'
 /home/philip/Projects/melody/vendor/ruby/1.9.1/gems/padrino-core-0.10.0/lib/padrino-core/logger.rb:300:in `call'
 /home/philip/Projects/melody/vendor/ruby/1.9.1/gems/sinatra-1.2.6/lib/sinatra/showexceptions.rb:21:in `call'
 /home/philip/Projects/melody/vendor/ruby/1.9.1/gems/rack-1.3.2/lib/rack/session/abstract/id.rb:195:in `context'
 /home/philip/Projects/melody/vendor/ruby/1.9.1/gems/rack-1.3.2/lib/rack/session/abstract/id.rb:190:in `call'
 /home/philip/Projects/melody/vendor/ruby/1.9.1/gems/rack-1.3.2/lib/rack/head.rb:9:in `call'
 /home/philip/Projects/melody/vendor/ruby/1.9.1/gems/sinatra-1.2.6/lib/sinatra/showexceptions.rb:21:in `call'
 /home/philip/Projects/melody/vendor/ruby/1.9.1/gems/rack-1.3.2/lib/rack/methodoverride.rb:24:in `call'
 /home/philip/Projects/melody/vendor/ruby/1.9.1/gems/sinatra-1.2.6/lib/sinatra/base.rb:1272:in `block in call'
 /home/philip/Projects/melody/vendor/ruby/1.9.1/gems/sinatra-1.2.6/lib/sinatra/base.rb:1303:in `synchronize'
 /home/philip/Projects/melody/vendor/ruby/1.9.1/gems/sinatra-1.2.6/lib/sinatra/base.rb:1272:in `call'
 /home/philip/Projects/melody/vendor/ruby/1.9.1/gems/padrino-core-0.10.0/lib/padrino-core/router.rb:71:in `block in call'
 /home/philip/Projects/melody/vendor/ruby/1.9.1/gems/padrino-core-0.10.0/lib/padrino-core/router.rb:64:in `each'
 /home/philip/Projects/melody/vendor/ruby/1.9.1/gems/padrino-core-0.10.0/lib/padrino-core/router.rb:64:in `call'
 /home/philip/Projects/melody/vendor/ruby/1.9.1/gems/rack-1.3.2/lib/rack/handler/webrick.rb:59:in `service'
 /home/philip/.rvm/rubies/ruby-1.9.2-p180/lib/ruby/1.9.1/webrick/httpserver.rb:111:in `service'
 /home/philip/.rvm/rubies/ruby-1.9.2-p180/lib/ruby/1.9.1/webrick/httpserver.rb:70:in `run'
 /home/philip/.rvm/rubies/ruby-1.9.2-p180/lib/ruby/1.9.1/webrick/server.rb:183:in `block in start_thread'
[36m  DEBUG[0m - [[33m06/Aug/2011 11:27:56[0m] "Reloading /home/philip/Projects/melody/app/models/track.rb"
[31m  ERROR[0m - [[33m06/Aug/2011 11:27:56[0m] "Cannot require /home/philip/Projects/melody/app/models/track.rb because of syntax error: /home/philip/Projects/melody/app/models/track.rb:16: syntax error, unexpected '['
      AppConfig.config.[:index_dirs].each do |index_dir|
                        ^"
[31m  ERROR[0m - [[33m06/Aug/2011 11:28:51[0m] "Cannot require /home/philip/Projects/melody/app/models/track.rb because of syntax error: /home/philip/Projects/melody/app/models/track.rb:16: syntax error, unexpected '['
      AppConfig.config.[:index_dirs].each do |index_dir|
                        ^"
[31m  ERROR[0m - [[33m06/Aug/2011 11:28:56[0m] "Cannot require /home/philip/Projects/melody/app/models/track.rb because of syntax error: /home/philip/Projects/melody/app/models/track.rb:16: syntax error, unexpected '['
      AppConfig.config.[:index_dirs].each do |index_dir|
                        ^"
[36m  DEBUG[0m - [[33m06/Aug/2011 11:29:57[0m] "(0.000188) SELECT "id", "filename" FROM "tracks" ORDER BY "id""
[36m  DEBUG[0m - [[33m06/Aug/2011 11:29:57[0m] "GET (0.0263ms) 127.0.0.1 - - / HTTP/1.1 - 200 -"
[36m  DEBUG[0m - [[33m06/Aug/2011 11:30:12[0m] "(0.000044) SELECT "id", "filename" FROM "tracks" ORDER BY "id""
[36m  DEBUG[0m - [[33m06/Aug/2011 11:30:12[0m] "GET (0.0018ms) 127.0.0.1 - - / HTTP/1.1 - 200 -"
[36m  DEBUG[0m - [[33m06/Aug/2011 11:30:46[0m] "Reloading /home/philip/Projects/melody/app/app.rb"
Padrino::Rendering::TemplateNotFound - Template '/Welcome to the Melody Music Server' not found in '/home/philip/Projects/melody/app/views'!:
 /home/philip/Projects/melody/vendor/ruby/1.9.1/gems/padrino-core-0.10.0/lib/padrino-core/application/rendering.rb:215:in `resolve_template'
 /home/philip/Projects/melody/vendor/ruby/1.9.1/gems/padrino-core-0.10.0/lib/padrino-core/application/rendering.rb:124:in `render'
 /home/philip/Projects/melody/app/app.rb:22:in `block in <class:Melody>'
 /home/philip/Projects/melody/vendor/ruby/1.9.1/gems/padrino-core-0.10.0/lib/padrino-core/application/routing.rb:486:in `call'
 /home/philip/Projects/melody/vendor/ruby/1.9.1/gems/padrino-core-0.10.0/lib/padrino-core/application/routing.rb:486:in `block in route'
 /home/philip/Projects/melody/vendor/ruby/1.9.1/gems/sinatra-1.2.6/lib/sinatra/base.rb:724:in `instance_eval'
 /home/philip/Projects/melody/vendor/ruby/1.9.1/gems/sinatra-1.2.6/lib/sinatra/base.rb:724:in `route_eval'
 /home/philip/Projects/melody/vendor/ruby/1.9.1/gems/padrino-core-0.10.0/lib/padrino-core/application/routing.rb:49:in `block (2 levels) in process_destination_path'
 /home/philip/Projects/melody/vendor/ruby/1.9.1/gems/padrino-core-0.10.0/lib/padrino-core/application/routing.rb:49:in `catch'
 /home/philip/Projects/melody/vendor/ruby/1.9.1/gems/padrino-core-0.10.0/lib/padrino-core/application/routing.rb:49:in `block in process_destination_path'
 /home/philip/Projects/melody/vendor/ruby/1.9.1/gems/padrino-core-0.10.0/lib/padrino-core/application/routing.rb:22:in `instance_eval'
 /home/philip/Projects/melody/vendor/ruby/1.9.1/gems/padrino-core-0.10.0/lib/padrino-core/application/routing.rb:22:in `process_destination_path'
 /home/philip/Projects/melody/vendor/ruby/1.9.1/gems/http_router-0.8.11/lib/http_router/node/root.rb:89:in `block in []'
 /home/philip/Projects/melody/vendor/ruby/1.9.1/gems/http_router-0.8.11/lib/http_router/node/root.rb:79:in `catch'
 /home/philip/Projects/melody/vendor/ruby/1.9.1/gems/http_router-0.8.11/lib/http_router/node/root.rb:79:in `[]'
 /home/philip/Projects/melody/vendor/ruby/1.9.1/gems/http_router-0.8.11/lib/http_router/node/root.rb:12:in `[]'
 /home/philip/Projects/melody/vendor/ruby/1.9.1/gems/http_router-0.8.11/lib/http_router.rb:110:in `block in call'
 /home/philip/Projects/melody/vendor/ruby/1.9.1/gems/http_router-0.8.11/lib/http_router.rb:110:in `catch'
 /home/philip/Projects/melody/vendor/ruby/1.9.1/gems/http_router-0.8.11/lib/http_router.rb:110:in `call'
 /home/philip/Projects/melody/vendor/ruby/1.9.1/gems/padrino-core-0.10.0/lib/padrino-core/application/routing.rb:796:in `route!'
 /home/philip/Projects/melody/vendor/ruby/1.9.1/gems/padrino-core-0.10.0/lib/padrino-core/application/routing.rb:785:in `dispatch!'
 /home/philip/Projects/melody/vendor/ruby/1.9.1/gems/sinatra-1.2.6/lib/sinatra/base.rb:644:in `block in call!'
 /home/philip/Projects/melody/vendor/ruby/1.9.1/gems/sinatra-1.2.6/lib/sinatra/base.rb:808:in `instance_eval'
 /home/philip/Projects/melody/vendor/ruby/1.9.1/gems/sinatra-1.2.6/lib/sinatra/base.rb:808:in `block in invoke'
 /home/philip/Projects/melody/vendor/ruby/1.9.1/gems/sinatra-1.2.6/lib/sinatra/base.rb:808:in `catch'
 /home/philip/Projects/melody/vendor/ruby/1.9.1/gems/sinatra-1.2.6/lib/sinatra/base.rb:808:in `invoke'
 /home/philip/Projects/melody/vendor/ruby/1.9.1/gems/sinatra-1.2.6/lib/sinatra/base.rb:644:in `call!'
 /home/philip/Projects/melody/vendor/ruby/1.9.1/gems/sinatra-1.2.6/lib/sinatra/base.rb:629:in `call'
 /home/philip/Projects/melody/vendor/ruby/1.9.1/gems/rack-flash-0.1.2/lib/rack/flash.rb:147:in `call'
 /home/philip/Projects/melody/vendor/ruby/1.9.1/gems/padrino-core-0.10.0/lib/padrino-core/reloader.rb:243:in `call'
 /home/philip/Projects/melody/vendor/ruby/1.9.1/gems/padrino-core-0.10.0/lib/padrino-core/logger.rb:300:in `call'
 /home/philip/Projects/melody/vendor/ruby/1.9.1/gems/sinatra-1.2.6/lib/sinatra/showexceptions.rb:21:in `call'
 /home/philip/Projects/melody/vendor/ruby/1.9.1/gems/rack-1.3.2/lib/rack/session/abstract/id.rb:195:in `context'
 /home/philip/Projects/melody/vendor/ruby/1.9.1/gems/rack-1.3.2/lib/rack/session/abstract/id.rb:190:in `call'
 /home/philip/Projects/melody/vendor/ruby/1.9.1/gems/rack-1.3.2/lib/rack/head.rb:9:in `call'
 /home/philip/Projects/melody/vendor/ruby/1.9.1/gems/sinatra-1.2.6/lib/sinatra/showexceptions.rb:21:in `call'
 /home/philip/Projects/melody/vendor/ruby/1.9.1/gems/rack-1.3.2/lib/rack/methodoverride.rb:24:in `call'
 /home/philip/Projects/melody/vendor/ruby/1.9.1/gems/sinatra-1.2.6/lib/sinatra/base.rb:1272:in `block in call'
 /home/philip/Projects/melody/vendor/ruby/1.9.1/gems/sinatra-1.2.6/lib/sinatra/base.rb:1303:in `synchronize'
 /home/philip/Projects/melody/vendor/ruby/1.9.1/gems/sinatra-1.2.6/lib/sinatra/base.rb:1272:in `call'
 /home/philip/Projects/melody/vendor/ruby/1.9.1/gems/padrino-core-0.10.0/lib/padrino-core/router.rb:71:in `block in call'
 /home/philip/Projects/melody/vendor/ruby/1.9.1/gems/padrino-core-0.10.0/lib/padrino-core/router.rb:64:in `each'
 /home/philip/Projects/melody/vendor/ruby/1.9.1/gems/padrino-core-0.10.0/lib/padrino-core/router.rb:64:in `call'
 /home/philip/Projects/melody/vendor/ruby/1.9.1/gems/rack-1.3.2/lib/rack/handler/webrick.rb:59:in `service'
 /home/philip/.rvm/rubies/ruby-1.9.2-p180/lib/ruby/1.9.1/webrick/httpserver.rb:111:in `service'
 /home/philip/.rvm/rubies/ruby-1.9.2-p180/lib/ruby/1.9.1/webrick/httpserver.rb:70:in `run'
 /home/philip/.rvm/rubies/ruby-1.9.2-p180/lib/ruby/1.9.1/webrick/server.rb:183:in `block in start_thread'
[36m  DEBUG[0m - [[33m06/Aug/2011 11:30:58[0m] "Reloading /home/philip/Projects/melody/app/app.rb"
[36m  DEBUG[0m - [[33m06/Aug/2011 11:32:33[0m] "Reloading /home/philip/Projects/melody/lib/app_config.rb"
[36m  DEBUG[0m - [[33m06/Aug/2011 11:33:26[0m] "GET (0.0249ms) 127.0.0.1 - - /index HTTP/1.1 - 200 -"
[36m  DEBUG[0m - [[33m06/Aug/2011 11:34:20[0m] "Reloading /home/philip/Projects/melody/app/models/track.rb"
[36m  DEBUG[0m - [[33m06/Aug/2011 11:34:21[0m] "Reloading /home/philip/Projects/melody/app/app.rb"
[36m  DEBUG[0m - [[33m06/Aug/2011 11:34:21[0m] "GET (0.2967ms) 127.0.0.1 - - /index HTTP/1.1 - 200 -"
[36m  DEBUG[0m - [[33m06/Aug/2011 11:35:05[0m] "(0.000196) SELECT "id", "filename" FROM "tracks" ORDER BY "id""
[36m  DEBUG[0m - [[33m06/Aug/2011 11:35:05[0m] "(0.151097) INSERT INTO "tracks" ("filename") VALUES ('/home/philip/tmp/Reasonable Doubt/04 - Dead Presidents II.mp3')"
[36m  DEBUG[0m - [[33m06/Aug/2011 11:35:05[0m] "(0.122937) INSERT INTO "tracks" ("filename") VALUES ('/home/philip/tmp/Reasonable Doubt/07 - 22 Two s.mp3')"
[36m  DEBUG[0m - [[33m06/Aug/2011 11:35:06[0m] "(0.106434) INSERT INTO "tracks" ("filename") VALUES ('/home/philip/tmp/Reasonable Doubt/12 - Cashmere Thoughts.mp3')"
[36m  DEBUG[0m - [[33m06/Aug/2011 11:35:06[0m] "(0.106478) INSERT INTO "tracks" ("filename") VALUES ('/home/philip/tmp/Reasonable Doubt/14 - Regrets.mp3')"
[36m  DEBUG[0m - [[33m06/Aug/2011 11:35:06[0m] "(0.106611) INSERT INTO "tracks" ("filename") VALUES ('/home/philip/tmp/Reasonable Doubt/13 - Bring It On feat. Big Jaz  Sauce Money.mp3')"
[36m  DEBUG[0m - [[33m06/Aug/2011 11:35:06[0m] "(0.106264) INSERT INTO "tracks" ("filename") VALUES ('/home/philip/tmp/Reasonable Doubt/03 - Brooklyns Finest feat. Notorious B.I.G..mp3')"
[36m  DEBUG[0m - [[33m06/Aug/2011 11:35:06[0m] "(0.090030) INSERT INTO "tracks" ("filename") VALUES ('/home/philip/tmp/Reasonable Doubt/09 - Ain t No Nigga feat. Foxxy Brown.mp3')"
[36m  DEBUG[0m - [[33m06/Aug/2011 11:35:06[0m] "(0.081815) INSERT INTO "tracks" ("filename") VALUES ('/home/philip/tmp/Reasonable Doubt/01 - Can t Knock The Hustle feat. Mary J. Blidge.mp3')"
[36m  DEBUG[0m - [[33m06/Aug/2011 11:35:06[0m] "(0.089846) INSERT INTO "tracks" ("filename") VALUES ('/home/philip/tmp/Reasonable Doubt/02 - Politics As Usual.mp3')"
[36m  DEBUG[0m - [[33m06/Aug/2011 11:35:06[0m] "(0.090090) INSERT INTO "tracks" ("filename") VALUES ('/home/philip/tmp/Reasonable Doubt/08 - Can I Live.mp3')"
[36m  DEBUG[0m - [[33m06/Aug/2011 11:35:06[0m] "(0.081711) INSERT INTO "tracks" ("filename") VALUES ('/home/philip/tmp/Reasonable Doubt/15 - Can t Knock The Hustle Fools Paradise Remix  feat. Meli sa Morgan.mp3')"
[36m  DEBUG[0m - [[33m06/Aug/2011 11:35:06[0m] "(0.089797) INSERT INTO "tracks" ("filename") VALUES ('/home/philip/tmp/Reasonable Doubt/11 - Coming Of Age feat. Memphis Bleek.mp3')"
[36m  DEBUG[0m - [[33m06/Aug/2011 11:35:07[0m] "(0.089886) INSERT INTO "tracks" ("filename") VALUES ('/home/philip/tmp/Reasonable Doubt/10 - Friend Or Foe.mp3')"
[36m  DEBUG[0m - [[33m06/Aug/2011 11:35:07[0m] "(0.098218) INSERT INTO "tracks" ("filename") VALUES ('/home/philip/tmp/Reasonable Doubt/06 - D Evils.mp3')"
[36m  DEBUG[0m - [[33m06/Aug/2011 11:35:07[0m] "(0.097929) INSERT INTO "tracks" ("filename") VALUES ('/home/philip/tmp/Reasonable Doubt/05 - Feelin It feat. Mecca.mp3')"
[36m  DEBUG[0m - [[33m06/Aug/2011 11:35:07[0m] "(0.098011) INSERT INTO "tracks" ("filename") VALUES ('/home/philip/tmp/Reasonable Doubt/16 - Can I Live Pt 2.mp3')"
[36m  DEBUG[0m - [[33m06/Aug/2011 11:35:13[0m] "(0.000046) SELECT "id", "filename" FROM "tracks" ORDER BY "id""
[36m  DEBUG[0m - [[33m06/Aug/2011 11:35:22[0m] "(0.000070) SELECT "id", "filename" FROM "tracks" ORDER BY "id""
[36m  DEBUG[0m - [[33m06/Aug/2011 11:35:22[0m] "(0.128159) DELETE FROM "tracks" WHERE "id" = 2065"
[36m  DEBUG[0m - [[33m06/Aug/2011 11:35:22[0m] "(0.114789) DELETE FROM "tracks" WHERE "id" = 2066"
[36m  DEBUG[0m - [[33m06/Aug/2011 11:35:22[0m] "(0.098371) DELETE FROM "tracks" WHERE "id" = 2067"
[36m  DEBUG[0m - [[33m06/Aug/2011 11:35:22[0m] "(0.098453) DELETE FROM "tracks" WHERE "id" = 2068"
[36m  DEBUG[0m - [[33m06/Aug/2011 11:35:22[0m] "(0.098265) DELETE FROM "tracks" WHERE "id" = 2069"
[36m  DEBUG[0m - [[33m06/Aug/2011 11:35:22[0m] "(0.114821) DELETE FROM "tracks" WHERE "id" = 2070"
[36m  DEBUG[0m - [[33m06/Aug/2011 11:35:23[0m] "(0.180844) DELETE FROM "tracks" WHERE "id" = 2071"
[36m  DEBUG[0m - [[33m06/Aug/2011 11:35:23[0m] "(0.114816) DELETE FROM "tracks" WHERE "id" = 2072"
[36m  DEBUG[0m - [[33m06/Aug/2011 11:35:23[0m] "(0.114929) DELETE FROM "tracks" WHERE "id" = 2073"
[36m  DEBUG[0m - [[33m06/Aug/2011 11:35:23[0m] "(0.122845) DELETE FROM "tracks" WHERE "id" = 2074"
[36m  DEBUG[0m - [[33m06/Aug/2011 11:35:23[0m] "(0.114816) DELETE FROM "tracks" WHERE "id" = 2075"
[36m  DEBUG[0m - [[33m06/Aug/2011 11:35:23[0m] "(0.114887) DELETE FROM "tracks" WHERE "id" = 2076"
[36m  DEBUG[0m - [[33m06/Aug/2011 11:35:23[0m] "(0.114699) DELETE FROM "tracks" WHERE "id" = 2077"
[36m  DEBUG[0m - [[33m06/Aug/2011 11:35:23[0m] "(0.098233) DELETE FROM "tracks" WHERE "id" = 2078"
[36m  DEBUG[0m - [[33m06/Aug/2011 11:35:24[0m] "(0.106481) DELETE FROM "tracks" WHERE "id" = 2079"
[36m  DEBUG[0m - [[33m06/Aug/2011 11:35:24[0m] "(0.106585) DELETE FROM "tracks" WHERE "id" = 2080"
[36m  DEBUG[0m - [[33m06/Aug/2011 11:35:29[0m] "(0.000056) SELECT "id", "filename" FROM "tracks" ORDER BY "id""
[36m  DEBUG[0m - [[33m06/Aug/2011 11:36:03[0m] "Reloading /home/philip/Projects/melody/app/app.rb"
[36m  DEBUG[0m - [[33m06/Aug/2011 11:36:18[0m] "Reloading /home/philip/Projects/melody/app/app.rb"
[36m  DEBUG[0m - [[33m06/Aug/2011 11:37:33[0m] "Reloading /home/philip/Projects/melody/app/app.rb"
[36m  DEBUG[0m - [[33m06/Aug/2011 11:38:49[0m] "Reloading /home/philip/Projects/melody/app/models/track.rb"
[36m  DEBUG[0m - [[33m06/Aug/2011 11:38:49[0m] "Reloading /home/philip/Projects/melody/app/app.rb"
[36m  DEBUG[0m - [[33m06/Aug/2011 11:38:49[0m] "(0.000194) SELECT "id", "filename" FROM "tracks" ORDER BY "id""
[36m  DEBUG[0m - [[33m06/Aug/2011 11:38:50[0m] "(0.133340) INSERT INTO "tracks" ("filename") VALUES ('/home/philip/tmp/Reasonable Doubt/04 - Dead Presidents II.mp3')"
[36m  DEBUG[0m - [[33m06/Aug/2011 11:38:50[0m] "(0.097939) INSERT INTO "tracks" ("filename") VALUES ('/home/philip/tmp/Reasonable Doubt/07 - 22 Two s.mp3')"
[36m  DEBUG[0m - [[33m06/Aug/2011 11:38:50[0m] "(0.098104) INSERT INTO "tracks" ("filename") VALUES ('/home/philip/tmp/Reasonable Doubt/12 - Cashmere Thoughts.mp3')"
[36m  DEBUG[0m - [[33m06/Aug/2011 11:38:50[0m] "(0.098229) INSERT INTO "tracks" ("filename") VALUES ('/home/philip/tmp/Reasonable Doubt/14 - Regrets.mp3')"
[36m  DEBUG[0m - [[33m06/Aug/2011 11:38:50[0m] "(0.098092) INSERT INTO "tracks" ("filename") VALUES ('/home/philip/tmp/Reasonable Doubt/13 - Bring It On feat. Big Jaz  Sauce Money.mp3')"
[36m  DEBUG[0m - [[33m06/Aug/2011 11:38:50[0m] "(0.106363) INSERT INTO "tracks" ("filename") VALUES ('/home/philip/tmp/Reasonable Doubt/03 - Brooklyns Finest feat. Notorious B.I.G..mp3')"
[36m  DEBUG[0m - [[33m06/Aug/2011 11:38:50[0m] "(0.098190) INSERT INTO "tracks" ("filename") VALUES ('/home/philip/tmp/Reasonable Doubt/09 - Ain t No Nigga feat. Foxxy Brown.mp3')"
[36m  DEBUG[0m - [[33m06/Aug/2011 11:38:50[0m] "(0.098037) INSERT INTO "tracks" ("filename") VALUES ('/home/philip/tmp/Reasonable Doubt/01 - Can t Knock The Hustle feat. Mary J. Blidge.mp3')"
[36m  DEBUG[0m - [[33m06/Aug/2011 11:38:50[0m] "(0.106524) INSERT INTO "tracks" ("filename") VALUES ('/home/philip/tmp/Reasonable Doubt/02 - Politics As Usual.mp3')"
[36m  DEBUG[0m - [[33m06/Aug/2011 11:38:50[0m] "(0.106055) INSERT INTO "tracks" ("filename") VALUES ('/home/philip/tmp/Reasonable Doubt/08 - Can I Live.mp3')"
[36m  DEBUG[0m - [[33m06/Aug/2011 11:38:51[0m] "(0.098139) INSERT INTO "tracks" ("filename") VALUES ('/home/philip/tmp/Reasonable Doubt/15 - Can t Knock The Hustle Fools Paradise Remix  feat. Meli sa Morgan.mp3')"
[36m  DEBUG[0m - [[33m06/Aug/2011 11:38:51[0m] "(0.098113) INSERT INTO "tracks" ("filename") VALUES ('/home/philip/tmp/Reasonable Doubt/11 - Coming Of Age feat. Memphis Bleek.mp3')"
[36m  DEBUG[0m - [[33m06/Aug/2011 11:38:51[0m] "(0.106465) INSERT INTO "tracks" ("filename") VALUES ('/home/philip/tmp/Reasonable Doubt/10 - Friend Or Foe.mp3')"
[36m  DEBUG[0m - [[33m06/Aug/2011 11:38:51[0m] "(0.106425) INSERT INTO "tracks" ("filename") VALUES ('/home/philip/tmp/Reasonable Doubt/06 - D Evils.mp3')"
[36m  DEBUG[0m - [[33m06/Aug/2011 11:38:51[0m] "(0.106264) INSERT INTO "tracks" ("filename") VALUES ('/home/philip/tmp/Reasonable Doubt/05 - Feelin It feat. Mecca.mp3')"
[36m  DEBUG[0m - [[33m06/Aug/2011 11:38:51[0m] "(0.098150) INSERT INTO "tracks" ("filename") VALUES ('/home/philip/tmp/Reasonable Doubt/16 - Can I Live Pt 2.mp3')"
[36m  DEBUG[0m - [[33m06/Aug/2011 11:40:01[0m] "(0.000054) SELECT "id", "filename" FROM "tracks" ORDER BY "id""
[36m  DEBUG[0m - [[33m06/Aug/2011 11:41:07[0m] "Reloading /home/philip/Projects/melody/app/app.rb"
[36m  DEBUG[0m - [[33m06/Aug/2011 11:46:30[0m] "GET (0.0247ms) 127.0.0.1 - - /reindex HTTP/1.1 - 200 -"
[36m  DEBUG[0m - [[33m06/Aug/2011 11:46:37[0m] "(0.000187) SELECT "id", "filename" FROM "tracks" ORDER BY "id""
[36m  DEBUG[0m - [[33m06/Aug/2011 11:46:37[0m] "GET (0.0050ms) 127.0.0.1 - - /cache HTTP/1.1 - 200 -"
[36m  DEBUG[0m - [[33m06/Aug/2011 11:46:56[0m] "GET (0.0014ms) 127.0.0.1 - - /listing HTTP/1.1 - 200 1488"
